<?xml version="1.0" encoding="UTF-8"?>
<testsuite xmlns:xsi="http://www.w3.org/2001/XMLSchema-instance" xsi:noNamespaceSchemaLocation="https://maven.apache.org/surefire/maven-surefire-plugin/xsd/surefire-test-report-3.0.xsd" version="3.0" name="com.yourcompany.app.AppTest" time="0.04" tests="1" errors="0" skipped="0" failures="0">
  <properties>
    <property name="gopherProxySet" value="false"/>
    <property name="awt.toolkit" value="sun.lwawt.macosx.LWCToolkit"/>
    <property name="java.specification.version" value="11"/>
    <property name="sun.cpu.isalist" value=""/>
    <property name="sun.jnu.encoding" value="UTF-8"/>
    <property name="java.class.path" value="/Users/aidenseo/IdeaProjects/your-app-name/target/test-classes:/Users/aidenseo/IdeaProjects/your-app-name/target/classes:/Users/aidenseo/.m2/repository/junit/junit/3.8.1/junit-3.8.1.jar:/Users/aidenseo/.m2/repository/org/apache/spark/spark-core_2.12/3.1.1/spark-core_2.12-3.1.1.jar:/Users/aidenseo/.m2/repository/com/thoughtworks/paranamer/paranamer/2.8/paranamer-2.8.jar:/Users/aidenseo/.m2/repository/org/apache/avro/avro/1.8.2/avro-1.8.2.jar:/Users/aidenseo/.m2/repository/org/codehaus/jackson/jackson-core-asl/1.9.13/jackson-core-asl-1.9.13.jar:/Users/aidenseo/.m2/repository/org/codehaus/jackson/jackson-mapper-asl/1.9.13/jackson-mapper-asl-1.9.13.jar:/Users/aidenseo/.m2/repository/org/apache/commons/commons-compress/1.8.1/commons-compress-1.8.1.jar:/Users/aidenseo/.m2/repository/org/tukaani/xz/1.5/xz-1.5.jar:/Users/aidenseo/.m2/repository/org/apache/avro/avro-mapred/1.8.2/avro-mapred-1.8.2-hadoop2.jar:/Users/aidenseo/.m2/repository/org/apache/avro/avro-ipc/1.8.2/avro-ipc-1.8.2.jar:/Users/aidenseo/.m2/repository/commons-codec/commons-codec/1.9/commons-codec-1.9.jar:/Users/aidenseo/.m2/repository/com/twitter/chill_2.12/0.9.5/chill_2.12-0.9.5.jar:/Users/aidenseo/.m2/repository/com/esotericsoftware/kryo-shaded/4.0.2/kryo-shaded-4.0.2.jar:/Users/aidenseo/.m2/repository/com/esotericsoftware/minlog/1.3.0/minlog-1.3.0.jar:/Users/aidenseo/.m2/repository/org/objenesis/objenesis/2.5.1/objenesis-2.5.1.jar:/Users/aidenseo/.m2/repository/com/twitter/chill-java/0.9.5/chill-java-0.9.5.jar:/Users/aidenseo/.m2/repository/org/apache/xbean/xbean-asm7-shaded/4.15/xbean-asm7-shaded-4.15.jar:/Users/aidenseo/.m2/repository/org/apache/hadoop/hadoop-client/3.2.0/hadoop-client-3.2.0.jar:/Users/aidenseo/.m2/repository/org/apache/hadoop/hadoop-common/3.2.0/hadoop-common-3.2.0.jar:/Users/aidenseo/.m2/repository/com/google/guava/guava/11.0.2/guava-11.0.2.jar:/Users/aidenseo/.m2/repository/commons-cli/commons-cli/1.2/commons-cli-1.2.jar:/Users/aidenseo/.m2/repository/org/apache/httpcomponents/httpclient/4.5.2/httpclient-4.5.2.jar:/Users/aidenseo/.m2/repository/org/apache/httpcomponents/httpcore/4.4.4/httpcore-4.4.4.jar:/Users/aidenseo/.m2/repository/commons-io/commons-io/2.5/commons-io-2.5.jar:/Users/aidenseo/.m2/repository/commons-collections/commons-collections/3.2.2/commons-collections-3.2.2.jar:/Users/aidenseo/.m2/repository/org/eclipse/jetty/jetty-servlet/9.3.24.v20180605/jetty-servlet-9.3.24.v20180605.jar:/Users/aidenseo/.m2/repository/org/eclipse/jetty/jetty-security/9.3.24.v20180605/jetty-security-9.3.24.v20180605.jar:/Users/aidenseo/.m2/repository/javax/servlet/jsp/jsp-api/2.1/jsp-api-2.1.jar:/Users/aidenseo/.m2/repository/commons-beanutils/commons-beanutils/1.9.3/commons-beanutils-1.9.3.jar:/Users/aidenseo/.m2/repository/org/apache/commons/commons-configuration2/2.1.1/commons-configuration2-2.1.1.jar:/Users/aidenseo/.m2/repository/com/google/re2j/re2j/1.1/re2j-1.1.jar:/Users/aidenseo/.m2/repository/com/google/code/gson/gson/2.2.4/gson-2.2.4.jar:/Users/aidenseo/.m2/repository/org/apache/hadoop/hadoop-auth/3.2.0/hadoop-auth-3.2.0.jar:/Users/aidenseo/.m2/repository/com/nimbusds/nimbus-jose-jwt/4.41.1/nimbus-jose-jwt-4.41.1.jar:/Users/aidenseo/.m2/repository/com/github/stephenc/jcip/jcip-annotations/1.0-1/jcip-annotations-1.0-1.jar:/Users/aidenseo/.m2/repository/net/minidev/json-smart/2.3/json-smart-2.3.jar:/Users/aidenseo/.m2/repository/net/minidev/accessors-smart/1.2/accessors-smart-1.2.jar:/Users/aidenseo/.m2/repository/org/apache/curator/curator-client/2.12.0/curator-client-2.12.0.jar:/Users/aidenseo/.m2/repository/org/apache/htrace/htrace-core4/4.1.0-incubating/htrace-core4-4.1.0-incubating.jar:/Users/aidenseo/.m2/repository/org/apache/kerby/kerb-simplekdc/1.0.1/kerb-simplekdc-1.0.1.jar:/Users/aidenseo/.m2/repository/org/apache/kerby/kerb-client/1.0.1/kerb-client-1.0.1.jar:/Users/aidenseo/.m2/repository/org/apache/kerby/kerby-config/1.0.1/kerby-config-1.0.1.jar:/Users/aidenseo/.m2/repository/org/apache/kerby/kerb-core/1.0.1/kerb-core-1.0.1.jar:/Users/aidenseo/.m2/repository/org/apache/kerby/kerby-pkix/1.0.1/kerby-pkix-1.0.1.jar:/Users/aidenseo/.m2/repository/org/apache/kerby/kerby-asn1/1.0.1/kerby-asn1-1.0.1.jar:/Users/aidenseo/.m2/repository/org/apache/kerby/kerby-util/1.0.1/kerby-util-1.0.1.jar:/Users/aidenseo/.m2/repository/org/apache/kerby/kerb-common/1.0.1/kerb-common-1.0.1.jar:/Users/aidenseo/.m2/repository/org/apache/kerby/kerb-crypto/1.0.1/kerb-crypto-1.0.1.jar:/Users/aidenseo/.m2/repository/org/apache/kerby/kerb-util/1.0.1/kerb-util-1.0.1.jar:/Users/aidenseo/.m2/repository/org/apache/kerby/token-provider/1.0.1/token-provider-1.0.1.jar:/Users/aidenseo/.m2/repository/org/apache/kerby/kerb-admin/1.0.1/kerb-admin-1.0.1.jar:/Users/aidenseo/.m2/repository/org/apache/kerby/kerb-server/1.0.1/kerb-server-1.0.1.jar:/Users/aidenseo/.m2/repository/org/apache/kerby/kerb-identity/1.0.1/kerb-identity-1.0.1.jar:/Users/aidenseo/.m2/repository/org/apache/kerby/kerby-xdr/1.0.1/kerby-xdr-1.0.1.jar:/Users/aidenseo/.m2/repository/org/codehaus/woodstox/stax2-api/3.1.4/stax2-api-3.1.4.jar:/Users/aidenseo/.m2/repository/com/fasterxml/woodstox/woodstox-core/5.0.3/woodstox-core-5.0.3.jar:/Users/aidenseo/.m2/repository/dnsjava/dnsjava/2.1.7/dnsjava-2.1.7.jar:/Users/aidenseo/.m2/repository/org/apache/hadoop/hadoop-hdfs-client/3.2.0/hadoop-hdfs-client-3.2.0.jar:/Users/aidenseo/.m2/repository/com/squareup/okhttp/okhttp/2.7.5/okhttp-2.7.5.jar:/Users/aidenseo/.m2/repository/com/squareup/okio/okio/1.6.0/okio-1.6.0.jar:/Users/aidenseo/.m2/repository/org/apache/hadoop/hadoop-yarn-api/3.2.0/hadoop-yarn-api-3.2.0.jar:/Users/aidenseo/.m2/repository/javax/xml/bind/jaxb-api/2.2.11/jaxb-api-2.2.11.jar:/Users/aidenseo/.m2/repository/org/apache/hadoop/hadoop-yarn-client/3.2.0/hadoop-yarn-client-3.2.0.jar:/Users/aidenseo/.m2/repository/org/apache/hadoop/hadoop-mapreduce-client-core/3.2.0/hadoop-mapreduce-client-core-3.2.0.jar:/Users/aidenseo/.m2/repository/org/apache/hadoop/hadoop-yarn-common/3.2.0/hadoop-yarn-common-3.2.0.jar:/Users/aidenseo/.m2/repository/org/eclipse/jetty/jetty-util/9.3.24.v20180605/jetty-util-9.3.24.v20180605.jar:/Users/aidenseo/.m2/repository/com/fasterxml/jackson/module/jackson-module-jaxb-annotations/2.9.5/jackson-module-jaxb-annotations-2.9.5.jar:/Users/aidenseo/.m2/repository/com/fasterxml/jackson/jaxrs/jackson-jaxrs-json-provider/2.9.5/jackson-jaxrs-json-provider-2.9.5.jar:/Users/aidenseo/.m2/repository/com/fasterxml/jackson/jaxrs/jackson-jaxrs-base/2.9.5/jackson-jaxrs-base-2.9.5.jar:/Users/aidenseo/.m2/repository/org/apache/hadoop/hadoop-mapreduce-client-jobclient/3.2.0/hadoop-mapreduce-client-jobclient-3.2.0.jar:/Users/aidenseo/.m2/repository/org/apache/hadoop/hadoop-mapreduce-client-common/3.2.0/hadoop-mapreduce-client-common-3.2.0.jar:/Users/aidenseo/.m2/repository/org/apache/hadoop/hadoop-annotations/3.2.0/hadoop-annotations-3.2.0.jar:/Users/aidenseo/.m2/repository/org/apache/spark/spark-launcher_2.12/3.1.1/spark-launcher_2.12-3.1.1.jar:/Users/aidenseo/.m2/repository/org/apache/spark/spark-kvstore_2.12/3.1.1/spark-kvstore_2.12-3.1.1.jar:/Users/aidenseo/.m2/repository/org/fusesource/leveldbjni/leveldbjni-all/1.8/leveldbjni-all-1.8.jar:/Users/aidenseo/.m2/repository/com/fasterxml/jackson/core/jackson-core/2.10.0/jackson-core-2.10.0.jar:/Users/aidenseo/.m2/repository/com/fasterxml/jackson/core/jackson-annotations/2.10.0/jackson-annotations-2.10.0.jar:/Users/aidenseo/.m2/repository/org/apache/spark/spark-network-common_2.12/3.1.1/spark-network-common_2.12-3.1.1.jar:/Users/aidenseo/.m2/repository/org/apache/spark/spark-network-shuffle_2.12/3.1.1/spark-network-shuffle_2.12-3.1.1.jar:/Users/aidenseo/.m2/repository/org/apache/spark/spark-unsafe_2.12/3.1.1/spark-unsafe_2.12-3.1.1.jar:/Users/aidenseo/.m2/repository/javax/activation/activation/1.1.1/activation-1.1.1.jar:/Users/aidenseo/.m2/repository/org/apache/curator/curator-recipes/2.13.0/curator-recipes-2.13.0.jar:/Users/aidenseo/.m2/repository/org/apache/curator/curator-framework/2.13.0/curator-framework-2.13.0.jar:/Users/aidenseo/.m2/repository/org/apache/zookeeper/zookeeper/3.4.14/zookeeper-3.4.14.jar:/Users/aidenseo/.m2/repository/org/apache/yetus/audience-annotations/0.5.0/audience-annotations-0.5.0.jar:/Users/aidenseo/.m2/repository/jakarta/servlet/jakarta.servlet-api/4.0.3/jakarta.servlet-api-4.0.3.jar:/Users/aidenseo/.m2/repository/org/apache/commons/commons-lang3/3.10/commons-lang3-3.10.jar:/Users/aidenseo/.m2/repository/org/apache/commons/commons-math3/3.4.1/commons-math3-3.4.1.jar:/Users/aidenseo/.m2/repository/org/apache/commons/commons-text/1.6/commons-text-1.6.jar:/Users/aidenseo/.m2/repository/com/google/code/findbugs/jsr305/3.0.0/jsr305-3.0.0.jar:/Users/aidenseo/.m2/repository/org/slf4j/slf4j-api/1.7.30/slf4j-api-1.7.30.jar:/Users/aidenseo/.m2/repository/org/slf4j/jul-to-slf4j/1.7.30/jul-to-slf4j-1.7.30.jar:/Users/aidenseo/.m2/repository/org/slf4j/jcl-over-slf4j/1.7.30/jcl-over-slf4j-1.7.30.jar:/Users/aidenseo/.m2/repository/log4j/log4j/1.2.17/log4j-1.2.17.jar:/Users/aidenseo/.m2/repository/org/slf4j/slf4j-log4j12/1.7.30/slf4j-log4j12-1.7.30.jar:/Users/aidenseo/.m2/repository/com/ning/compress-lzf/1.0.3/compress-lzf-1.0.3.jar:/Users/aidenseo/.m2/repository/org/xerial/snappy/snappy-java/1.1.8.2/snappy-java-1.1.8.2.jar:/Users/aidenseo/.m2/repository/org/lz4/lz4-java/1.7.1/lz4-java-1.7.1.jar:/Users/aidenseo/.m2/repository/com/github/luben/zstd-jni/1.4.8-1/zstd-jni-1.4.8-1.jar:/Users/aidenseo/.m2/repository/org/roaringbitmap/RoaringBitmap/0.9.0/RoaringBitmap-0.9.0.jar:/Users/aidenseo/.m2/repository/org/roaringbitmap/shims/0.9.0/shims-0.9.0.jar:/Users/aidenseo/.m2/repository/commons-net/commons-net/3.1/commons-net-3.1.jar:/Users/aidenseo/.m2/repository/org/scala-lang/modules/scala-xml_2.12/1.2.0/scala-xml_2.12-1.2.0.jar:/Users/aidenseo/.m2/repository/org/scala-lang/scala-library/2.12.10/scala-library-2.12.10.jar:/Users/aidenseo/.m2/repository/org/scala-lang/scala-reflect/2.12.10/scala-reflect-2.12.10.jar:/Users/aidenseo/.m2/repository/org/json4s/json4s-jackson_2.12/3.7.0-M5/json4s-jackson_2.12-3.7.0-M5.jar:/Users/aidenseo/.m2/repository/org/json4s/json4s-core_2.12/3.7.0-M5/json4s-core_2.12-3.7.0-M5.jar:/Users/aidenseo/.m2/repository/org/json4s/json4s-ast_2.12/3.7.0-M5/json4s-ast_2.12-3.7.0-M5.jar:/Users/aidenseo/.m2/repository/org/json4s/json4s-scalap_2.12/3.7.0-M5/json4s-scalap_2.12-3.7.0-M5.jar:/Users/aidenseo/.m2/repository/org/glassfish/jersey/core/jersey-client/2.30/jersey-client-2.30.jar:/Users/aidenseo/.m2/repository/jakarta/ws/rs/jakarta.ws.rs-api/2.1.6/jakarta.ws.rs-api-2.1.6.jar:/Users/aidenseo/.m2/repository/org/glassfish/hk2/external/jakarta.inject/2.6.1/jakarta.inject-2.6.1.jar:/Users/aidenseo/.m2/repository/org/glassfish/jersey/core/jersey-common/2.30/jersey-common-2.30.jar:/Users/aidenseo/.m2/repository/jakarta/annotation/jakarta.annotation-api/1.3.5/jakarta.annotation-api-1.3.5.jar:/Users/aidenseo/.m2/repository/org/glassfish/hk2/osgi-resource-locator/1.0.3/osgi-resource-locator-1.0.3.jar:/Users/aidenseo/.m2/repository/org/glassfish/jersey/core/jersey-server/2.30/jersey-server-2.30.jar:/Users/aidenseo/.m2/repository/org/glassfish/jersey/media/jersey-media-jaxb/2.30/jersey-media-jaxb-2.30.jar:/Users/aidenseo/.m2/repository/jakarta/validation/jakarta.validation-api/2.0.2/jakarta.validation-api-2.0.2.jar:/Users/aidenseo/.m2/repository/org/glassfish/jersey/containers/jersey-container-servlet/2.30/jersey-container-servlet-2.30.jar:/Users/aidenseo/.m2/repository/org/glassfish/jersey/containers/jersey-container-servlet-core/2.30/jersey-container-servlet-core-2.30.jar:/Users/aidenseo/.m2/repository/org/glassfish/jersey/inject/jersey-hk2/2.30/jersey-hk2-2.30.jar:/Users/aidenseo/.m2/repository/org/glassfish/hk2/hk2-locator/2.6.1/hk2-locator-2.6.1.jar:/Users/aidenseo/.m2/repository/org/glassfish/hk2/external/aopalliance-repackaged/2.6.1/aopalliance-repackaged-2.6.1.jar:/Users/aidenseo/.m2/repository/org/glassfish/hk2/hk2-api/2.6.1/hk2-api-2.6.1.jar:/Users/aidenseo/.m2/repository/org/glassfish/hk2/hk2-utils/2.6.1/hk2-utils-2.6.1.jar:/Users/aidenseo/.m2/repository/org/javassist/javassist/3.25.0-GA/javassist-3.25.0-GA.jar:/Users/aidenseo/.m2/repository/io/netty/netty-all/4.1.51.Final/netty-all-4.1.51.Final.jar:/Users/aidenseo/.m2/repository/com/clearspring/analytics/stream/2.9.6/stream-2.9.6.jar:/Users/aidenseo/.m2/repository/io/dropwizard/metrics/metrics-core/4.1.1/metrics-core-4.1.1.jar:/Users/aidenseo/.m2/repository/io/dropwizard/metrics/metrics-jvm/4.1.1/metrics-jvm-4.1.1.jar:/Users/aidenseo/.m2/repository/io/dropwizard/metrics/metrics-json/4.1.1/metrics-json-4.1.1.jar:/Users/aidenseo/.m2/repository/io/dropwizard/metrics/metrics-graphite/4.1.1/metrics-graphite-4.1.1.jar:/Users/aidenseo/.m2/repository/io/dropwizard/metrics/metrics-jmx/4.1.1/metrics-jmx-4.1.1.jar:/Users/aidenseo/.m2/repository/com/fasterxml/jackson/core/jackson-databind/2.10.0/jackson-databind-2.10.0.jar:/Users/aidenseo/.m2/repository/com/fasterxml/jackson/module/jackson-module-scala_2.12/2.10.0/jackson-module-scala_2.12-2.10.0.jar:/Users/aidenseo/.m2/repository/com/fasterxml/jackson/module/jackson-module-paranamer/2.10.0/jackson-module-paranamer-2.10.0.jar:/Users/aidenseo/.m2/repository/org/apache/ivy/ivy/2.4.0/ivy-2.4.0.jar:/Users/aidenseo/.m2/repository/oro/oro/2.0.8/oro-2.0.8.jar:/Users/aidenseo/.m2/repository/net/razorvine/pyrolite/4.30/pyrolite-4.30.jar:/Users/aidenseo/.m2/repository/net/sf/py4j/py4j/0.10.9/py4j-0.10.9.jar:/Users/aidenseo/.m2/repository/org/apache/spark/spark-tags_2.12/3.1.1/spark-tags_2.12-3.1.1.jar:/Users/aidenseo/.m2/repository/org/apache/commons/commons-crypto/1.1.0/commons-crypto-1.1.0.jar:/Users/aidenseo/.m2/repository/org/spark-project/spark/unused/1.0.0/unused-1.0.0.jar:/Users/aidenseo/.m2/repository/org/apache/spark/spark-sql_2.12/3.1.1/spark-sql_2.12-3.1.1.jar:/Users/aidenseo/.m2/repository/com/univocity/univocity-parsers/2.9.1/univocity-parsers-2.9.1.jar:/Users/aidenseo/.m2/repository/org/apache/spark/spark-sketch_2.12/3.1.1/spark-sketch_2.12-3.1.1.jar:/Users/aidenseo/.m2/repository/org/apache/spark/spark-catalyst_2.12/3.1.1/spark-catalyst_2.12-3.1.1.jar:/Users/aidenseo/.m2/repository/org/scala-lang/modules/scala-parser-combinators_2.12/1.1.2/scala-parser-combinators_2.12-1.1.2.jar:/Users/aidenseo/.m2/repository/org/codehaus/janino/janino/3.0.16/janino-3.0.16.jar:/Users/aidenseo/.m2/repository/org/codehaus/janino/commons-compiler/3.0.16/commons-compiler-3.0.16.jar:/Users/aidenseo/.m2/repository/org/antlr/antlr4-runtime/4.8-1/antlr4-runtime-4.8-1.jar:/Users/aidenseo/.m2/repository/org/apache/arrow/arrow-vector/2.0.0/arrow-vector-2.0.0.jar:/Users/aidenseo/.m2/repository/org/apache/arrow/arrow-format/2.0.0/arrow-format-2.0.0.jar:/Users/aidenseo/.m2/repository/org/apache/arrow/arrow-memory-core/2.0.0/arrow-memory-core-2.0.0.jar:/Users/aidenseo/.m2/repository/com/google/flatbuffers/flatbuffers-java/1.9.0/flatbuffers-java-1.9.0.jar:/Users/aidenseo/.m2/repository/org/apache/arrow/arrow-memory-netty/2.0.0/arrow-memory-netty-2.0.0.jar:/Users/aidenseo/.m2/repository/org/apache/orc/orc-core/1.5.12/orc-core-1.5.12.jar:/Users/aidenseo/.m2/repository/org/apache/orc/orc-shims/1.5.12/orc-shims-1.5.12.jar:/Users/aidenseo/.m2/repository/com/google/protobuf/protobuf-java/2.5.0/protobuf-java-2.5.0.jar:/Users/aidenseo/.m2/repository/commons-lang/commons-lang/2.6/commons-lang-2.6.jar:/Users/aidenseo/.m2/repository/io/airlift/aircompressor/0.10/aircompressor-0.10.jar:/Users/aidenseo/.m2/repository/org/threeten/threeten-extra/1.5.0/threeten-extra-1.5.0.jar:/Users/aidenseo/.m2/repository/org/apache/orc/orc-mapreduce/1.5.12/orc-mapreduce-1.5.12.jar:/Users/aidenseo/.m2/repository/org/apache/hive/hive-storage-api/2.7.2/hive-storage-api-2.7.2.jar:/Users/aidenseo/.m2/repository/org/apache/parquet/parquet-column/1.10.1/parquet-column-1.10.1.jar:/Users/aidenseo/.m2/repository/org/apache/parquet/parquet-common/1.10.1/parquet-common-1.10.1.jar:/Users/aidenseo/.m2/repository/org/apache/parquet/parquet-encoding/1.10.1/parquet-encoding-1.10.1.jar:/Users/aidenseo/.m2/repository/org/apache/parquet/parquet-hadoop/1.10.1/parquet-hadoop-1.10.1.jar:/Users/aidenseo/.m2/repository/org/apache/parquet/parquet-format/2.4.0/parquet-format-2.4.0.jar:/Users/aidenseo/.m2/repository/org/apache/parquet/parquet-jackson/1.10.1/parquet-jackson-1.10.1.jar:"/>
    <property name="java.vm.vendor" value="Amazon.com Inc."/>
    <property name="sun.arch.data.model" value="64"/>
    <property name="java.vendor.url" value="https://aws.amazon.com/corretto/"/>
    <property name="user.timezone" value=""/>
    <property name="java.vm.specification.version" value="11"/>
    <property name="os.name" value="Mac OS X"/>
    <property name="sun.java.launcher" value="SUN_STANDARD"/>
    <property name="user.country" value="CA"/>
    <property name="sun.boot.library.path" value="/Users/aidenseo/Library/Java/JavaVirtualMachines/corretto-11.0.16.1/Contents/Home/lib"/>
    <property name="sun.java.command" value="/Users/aidenseo/IdeaProjects/your-app-name/target/surefire/surefirebooter-20240120160733196_3.jar /Users/aidenseo/IdeaProjects/your-app-name/target/surefire 2024-01-20T16-07-32_940-jvmRun1 surefire-20240120160733196_1tmp surefire_0-20240120160733196_2tmp"/>
    <property name="http.nonProxyHosts" value="local|*.local|169.254/16|*.169.254/16"/>
    <property name="jdk.debug" value="release"/>
    <property name="surefire.test.class.path" value="/Users/aidenseo/IdeaProjects/your-app-name/target/test-classes:/Users/aidenseo/IdeaProjects/your-app-name/target/classes:/Users/aidenseo/.m2/repository/junit/junit/3.8.1/junit-3.8.1.jar:/Users/aidenseo/.m2/repository/org/apache/spark/spark-core_2.12/3.1.1/spark-core_2.12-3.1.1.jar:/Users/aidenseo/.m2/repository/com/thoughtworks/paranamer/paranamer/2.8/paranamer-2.8.jar:/Users/aidenseo/.m2/repository/org/apache/avro/avro/1.8.2/avro-1.8.2.jar:/Users/aidenseo/.m2/repository/org/codehaus/jackson/jackson-core-asl/1.9.13/jackson-core-asl-1.9.13.jar:/Users/aidenseo/.m2/repository/org/codehaus/jackson/jackson-mapper-asl/1.9.13/jackson-mapper-asl-1.9.13.jar:/Users/aidenseo/.m2/repository/org/apache/commons/commons-compress/1.8.1/commons-compress-1.8.1.jar:/Users/aidenseo/.m2/repository/org/tukaani/xz/1.5/xz-1.5.jar:/Users/aidenseo/.m2/repository/org/apache/avro/avro-mapred/1.8.2/avro-mapred-1.8.2-hadoop2.jar:/Users/aidenseo/.m2/repository/org/apache/avro/avro-ipc/1.8.2/avro-ipc-1.8.2.jar:/Users/aidenseo/.m2/repository/commons-codec/commons-codec/1.9/commons-codec-1.9.jar:/Users/aidenseo/.m2/repository/com/twitter/chill_2.12/0.9.5/chill_2.12-0.9.5.jar:/Users/aidenseo/.m2/repository/com/esotericsoftware/kryo-shaded/4.0.2/kryo-shaded-4.0.2.jar:/Users/aidenseo/.m2/repository/com/esotericsoftware/minlog/1.3.0/minlog-1.3.0.jar:/Users/aidenseo/.m2/repository/org/objenesis/objenesis/2.5.1/objenesis-2.5.1.jar:/Users/aidenseo/.m2/repository/com/twitter/chill-java/0.9.5/chill-java-0.9.5.jar:/Users/aidenseo/.m2/repository/org/apache/xbean/xbean-asm7-shaded/4.15/xbean-asm7-shaded-4.15.jar:/Users/aidenseo/.m2/repository/org/apache/hadoop/hadoop-client/3.2.0/hadoop-client-3.2.0.jar:/Users/aidenseo/.m2/repository/org/apache/hadoop/hadoop-common/3.2.0/hadoop-common-3.2.0.jar:/Users/aidenseo/.m2/repository/com/google/guava/guava/11.0.2/guava-11.0.2.jar:/Users/aidenseo/.m2/repository/commons-cli/commons-cli/1.2/commons-cli-1.2.jar:/Users/aidenseo/.m2/repository/org/apache/httpcomponents/httpclient/4.5.2/httpclient-4.5.2.jar:/Users/aidenseo/.m2/repository/org/apache/httpcomponents/httpcore/4.4.4/httpcore-4.4.4.jar:/Users/aidenseo/.m2/repository/commons-io/commons-io/2.5/commons-io-2.5.jar:/Users/aidenseo/.m2/repository/commons-collections/commons-collections/3.2.2/commons-collections-3.2.2.jar:/Users/aidenseo/.m2/repository/org/eclipse/jetty/jetty-servlet/9.3.24.v20180605/jetty-servlet-9.3.24.v20180605.jar:/Users/aidenseo/.m2/repository/org/eclipse/jetty/jetty-security/9.3.24.v20180605/jetty-security-9.3.24.v20180605.jar:/Users/aidenseo/.m2/repository/javax/servlet/jsp/jsp-api/2.1/jsp-api-2.1.jar:/Users/aidenseo/.m2/repository/commons-beanutils/commons-beanutils/1.9.3/commons-beanutils-1.9.3.jar:/Users/aidenseo/.m2/repository/org/apache/commons/commons-configuration2/2.1.1/commons-configuration2-2.1.1.jar:/Users/aidenseo/.m2/repository/com/google/re2j/re2j/1.1/re2j-1.1.jar:/Users/aidenseo/.m2/repository/com/google/code/gson/gson/2.2.4/gson-2.2.4.jar:/Users/aidenseo/.m2/repository/org/apache/hadoop/hadoop-auth/3.2.0/hadoop-auth-3.2.0.jar:/Users/aidenseo/.m2/repository/com/nimbusds/nimbus-jose-jwt/4.41.1/nimbus-jose-jwt-4.41.1.jar:/Users/aidenseo/.m2/repository/com/github/stephenc/jcip/jcip-annotations/1.0-1/jcip-annotations-1.0-1.jar:/Users/aidenseo/.m2/repository/net/minidev/json-smart/2.3/json-smart-2.3.jar:/Users/aidenseo/.m2/repository/net/minidev/accessors-smart/1.2/accessors-smart-1.2.jar:/Users/aidenseo/.m2/repository/org/apache/curator/curator-client/2.12.0/curator-client-2.12.0.jar:/Users/aidenseo/.m2/repository/org/apache/htrace/htrace-core4/4.1.0-incubating/htrace-core4-4.1.0-incubating.jar:/Users/aidenseo/.m2/repository/org/apache/kerby/kerb-simplekdc/1.0.1/kerb-simplekdc-1.0.1.jar:/Users/aidenseo/.m2/repository/org/apache/kerby/kerb-client/1.0.1/kerb-client-1.0.1.jar:/Users/aidenseo/.m2/repository/org/apache/kerby/kerby-config/1.0.1/kerby-config-1.0.1.jar:/Users/aidenseo/.m2/repository/org/apache/kerby/kerb-core/1.0.1/kerb-core-1.0.1.jar:/Users/aidenseo/.m2/repository/org/apache/kerby/kerby-pkix/1.0.1/kerby-pkix-1.0.1.jar:/Users/aidenseo/.m2/repository/org/apache/kerby/kerby-asn1/1.0.1/kerby-asn1-1.0.1.jar:/Users/aidenseo/.m2/repository/org/apache/kerby/kerby-util/1.0.1/kerby-util-1.0.1.jar:/Users/aidenseo/.m2/repository/org/apache/kerby/kerb-common/1.0.1/kerb-common-1.0.1.jar:/Users/aidenseo/.m2/repository/org/apache/kerby/kerb-crypto/1.0.1/kerb-crypto-1.0.1.jar:/Users/aidenseo/.m2/repository/org/apache/kerby/kerb-util/1.0.1/kerb-util-1.0.1.jar:/Users/aidenseo/.m2/repository/org/apache/kerby/token-provider/1.0.1/token-provider-1.0.1.jar:/Users/aidenseo/.m2/repository/org/apache/kerby/kerb-admin/1.0.1/kerb-admin-1.0.1.jar:/Users/aidenseo/.m2/repository/org/apache/kerby/kerb-server/1.0.1/kerb-server-1.0.1.jar:/Users/aidenseo/.m2/repository/org/apache/kerby/kerb-identity/1.0.1/kerb-identity-1.0.1.jar:/Users/aidenseo/.m2/repository/org/apache/kerby/kerby-xdr/1.0.1/kerby-xdr-1.0.1.jar:/Users/aidenseo/.m2/repository/org/codehaus/woodstox/stax2-api/3.1.4/stax2-api-3.1.4.jar:/Users/aidenseo/.m2/repository/com/fasterxml/woodstox/woodstox-core/5.0.3/woodstox-core-5.0.3.jar:/Users/aidenseo/.m2/repository/dnsjava/dnsjava/2.1.7/dnsjava-2.1.7.jar:/Users/aidenseo/.m2/repository/org/apache/hadoop/hadoop-hdfs-client/3.2.0/hadoop-hdfs-client-3.2.0.jar:/Users/aidenseo/.m2/repository/com/squareup/okhttp/okhttp/2.7.5/okhttp-2.7.5.jar:/Users/aidenseo/.m2/repository/com/squareup/okio/okio/1.6.0/okio-1.6.0.jar:/Users/aidenseo/.m2/repository/org/apache/hadoop/hadoop-yarn-api/3.2.0/hadoop-yarn-api-3.2.0.jar:/Users/aidenseo/.m2/repository/javax/xml/bind/jaxb-api/2.2.11/jaxb-api-2.2.11.jar:/Users/aidenseo/.m2/repository/org/apache/hadoop/hadoop-yarn-client/3.2.0/hadoop-yarn-client-3.2.0.jar:/Users/aidenseo/.m2/repository/org/apache/hadoop/hadoop-mapreduce-client-core/3.2.0/hadoop-mapreduce-client-core-3.2.0.jar:/Users/aidenseo/.m2/repository/org/apache/hadoop/hadoop-yarn-common/3.2.0/hadoop-yarn-common-3.2.0.jar:/Users/aidenseo/.m2/repository/org/eclipse/jetty/jetty-util/9.3.24.v20180605/jetty-util-9.3.24.v20180605.jar:/Users/aidenseo/.m2/repository/com/fasterxml/jackson/module/jackson-module-jaxb-annotations/2.9.5/jackson-module-jaxb-annotations-2.9.5.jar:/Users/aidenseo/.m2/repository/com/fasterxml/jackson/jaxrs/jackson-jaxrs-json-provider/2.9.5/jackson-jaxrs-json-provider-2.9.5.jar:/Users/aidenseo/.m2/repository/com/fasterxml/jackson/jaxrs/jackson-jaxrs-base/2.9.5/jackson-jaxrs-base-2.9.5.jar:/Users/aidenseo/.m2/repository/org/apache/hadoop/hadoop-mapreduce-client-jobclient/3.2.0/hadoop-mapreduce-client-jobclient-3.2.0.jar:/Users/aidenseo/.m2/repository/org/apache/hadoop/hadoop-mapreduce-client-common/3.2.0/hadoop-mapreduce-client-common-3.2.0.jar:/Users/aidenseo/.m2/repository/org/apache/hadoop/hadoop-annotations/3.2.0/hadoop-annotations-3.2.0.jar:/Users/aidenseo/.m2/repository/org/apache/spark/spark-launcher_2.12/3.1.1/spark-launcher_2.12-3.1.1.jar:/Users/aidenseo/.m2/repository/org/apache/spark/spark-kvstore_2.12/3.1.1/spark-kvstore_2.12-3.1.1.jar:/Users/aidenseo/.m2/repository/org/fusesource/leveldbjni/leveldbjni-all/1.8/leveldbjni-all-1.8.jar:/Users/aidenseo/.m2/repository/com/fasterxml/jackson/core/jackson-core/2.10.0/jackson-core-2.10.0.jar:/Users/aidenseo/.m2/repository/com/fasterxml/jackson/core/jackson-annotations/2.10.0/jackson-annotations-2.10.0.jar:/Users/aidenseo/.m2/repository/org/apache/spark/spark-network-common_2.12/3.1.1/spark-network-common_2.12-3.1.1.jar:/Users/aidenseo/.m2/repository/org/apache/spark/spark-network-shuffle_2.12/3.1.1/spark-network-shuffle_2.12-3.1.1.jar:/Users/aidenseo/.m2/repository/org/apache/spark/spark-unsafe_2.12/3.1.1/spark-unsafe_2.12-3.1.1.jar:/Users/aidenseo/.m2/repository/javax/activation/activation/1.1.1/activation-1.1.1.jar:/Users/aidenseo/.m2/repository/org/apache/curator/curator-recipes/2.13.0/curator-recipes-2.13.0.jar:/Users/aidenseo/.m2/repository/org/apache/curator/curator-framework/2.13.0/curator-framework-2.13.0.jar:/Users/aidenseo/.m2/repository/org/apache/zookeeper/zookeeper/3.4.14/zookeeper-3.4.14.jar:/Users/aidenseo/.m2/repository/org/apache/yetus/audience-annotations/0.5.0/audience-annotations-0.5.0.jar:/Users/aidenseo/.m2/repository/jakarta/servlet/jakarta.servlet-api/4.0.3/jakarta.servlet-api-4.0.3.jar:/Users/aidenseo/.m2/repository/org/apache/commons/commons-lang3/3.10/commons-lang3-3.10.jar:/Users/aidenseo/.m2/repository/org/apache/commons/commons-math3/3.4.1/commons-math3-3.4.1.jar:/Users/aidenseo/.m2/repository/org/apache/commons/commons-text/1.6/commons-text-1.6.jar:/Users/aidenseo/.m2/repository/com/google/code/findbugs/jsr305/3.0.0/jsr305-3.0.0.jar:/Users/aidenseo/.m2/repository/org/slf4j/slf4j-api/1.7.30/slf4j-api-1.7.30.jar:/Users/aidenseo/.m2/repository/org/slf4j/jul-to-slf4j/1.7.30/jul-to-slf4j-1.7.30.jar:/Users/aidenseo/.m2/repository/org/slf4j/jcl-over-slf4j/1.7.30/jcl-over-slf4j-1.7.30.jar:/Users/aidenseo/.m2/repository/log4j/log4j/1.2.17/log4j-1.2.17.jar:/Users/aidenseo/.m2/repository/org/slf4j/slf4j-log4j12/1.7.30/slf4j-log4j12-1.7.30.jar:/Users/aidenseo/.m2/repository/com/ning/compress-lzf/1.0.3/compress-lzf-1.0.3.jar:/Users/aidenseo/.m2/repository/org/xerial/snappy/snappy-java/1.1.8.2/snappy-java-1.1.8.2.jar:/Users/aidenseo/.m2/repository/org/lz4/lz4-java/1.7.1/lz4-java-1.7.1.jar:/Users/aidenseo/.m2/repository/com/github/luben/zstd-jni/1.4.8-1/zstd-jni-1.4.8-1.jar:/Users/aidenseo/.m2/repository/org/roaringbitmap/RoaringBitmap/0.9.0/RoaringBitmap-0.9.0.jar:/Users/aidenseo/.m2/repository/org/roaringbitmap/shims/0.9.0/shims-0.9.0.jar:/Users/aidenseo/.m2/repository/commons-net/commons-net/3.1/commons-net-3.1.jar:/Users/aidenseo/.m2/repository/org/scala-lang/modules/scala-xml_2.12/1.2.0/scala-xml_2.12-1.2.0.jar:/Users/aidenseo/.m2/repository/org/scala-lang/scala-library/2.12.10/scala-library-2.12.10.jar:/Users/aidenseo/.m2/repository/org/scala-lang/scala-reflect/2.12.10/scala-reflect-2.12.10.jar:/Users/aidenseo/.m2/repository/org/json4s/json4s-jackson_2.12/3.7.0-M5/json4s-jackson_2.12-3.7.0-M5.jar:/Users/aidenseo/.m2/repository/org/json4s/json4s-core_2.12/3.7.0-M5/json4s-core_2.12-3.7.0-M5.jar:/Users/aidenseo/.m2/repository/org/json4s/json4s-ast_2.12/3.7.0-M5/json4s-ast_2.12-3.7.0-M5.jar:/Users/aidenseo/.m2/repository/org/json4s/json4s-scalap_2.12/3.7.0-M5/json4s-scalap_2.12-3.7.0-M5.jar:/Users/aidenseo/.m2/repository/org/glassfish/jersey/core/jersey-client/2.30/jersey-client-2.30.jar:/Users/aidenseo/.m2/repository/jakarta/ws/rs/jakarta.ws.rs-api/2.1.6/jakarta.ws.rs-api-2.1.6.jar:/Users/aidenseo/.m2/repository/org/glassfish/hk2/external/jakarta.inject/2.6.1/jakarta.inject-2.6.1.jar:/Users/aidenseo/.m2/repository/org/glassfish/jersey/core/jersey-common/2.30/jersey-common-2.30.jar:/Users/aidenseo/.m2/repository/jakarta/annotation/jakarta.annotation-api/1.3.5/jakarta.annotation-api-1.3.5.jar:/Users/aidenseo/.m2/repository/org/glassfish/hk2/osgi-resource-locator/1.0.3/osgi-resource-locator-1.0.3.jar:/Users/aidenseo/.m2/repository/org/glassfish/jersey/core/jersey-server/2.30/jersey-server-2.30.jar:/Users/aidenseo/.m2/repository/org/glassfish/jersey/media/jersey-media-jaxb/2.30/jersey-media-jaxb-2.30.jar:/Users/aidenseo/.m2/repository/jakarta/validation/jakarta.validation-api/2.0.2/jakarta.validation-api-2.0.2.jar:/Users/aidenseo/.m2/repository/org/glassfish/jersey/containers/jersey-container-servlet/2.30/jersey-container-servlet-2.30.jar:/Users/aidenseo/.m2/repository/org/glassfish/jersey/containers/jersey-container-servlet-core/2.30/jersey-container-servlet-core-2.30.jar:/Users/aidenseo/.m2/repository/org/glassfish/jersey/inject/jersey-hk2/2.30/jersey-hk2-2.30.jar:/Users/aidenseo/.m2/repository/org/glassfish/hk2/hk2-locator/2.6.1/hk2-locator-2.6.1.jar:/Users/aidenseo/.m2/repository/org/glassfish/hk2/external/aopalliance-repackaged/2.6.1/aopalliance-repackaged-2.6.1.jar:/Users/aidenseo/.m2/repository/org/glassfish/hk2/hk2-api/2.6.1/hk2-api-2.6.1.jar:/Users/aidenseo/.m2/repository/org/glassfish/hk2/hk2-utils/2.6.1/hk2-utils-2.6.1.jar:/Users/aidenseo/.m2/repository/org/javassist/javassist/3.25.0-GA/javassist-3.25.0-GA.jar:/Users/aidenseo/.m2/repository/io/netty/netty-all/4.1.51.Final/netty-all-4.1.51.Final.jar:/Users/aidenseo/.m2/repository/com/clearspring/analytics/stream/2.9.6/stream-2.9.6.jar:/Users/aidenseo/.m2/repository/io/dropwizard/metrics/metrics-core/4.1.1/metrics-core-4.1.1.jar:/Users/aidenseo/.m2/repository/io/dropwizard/metrics/metrics-jvm/4.1.1/metrics-jvm-4.1.1.jar:/Users/aidenseo/.m2/repository/io/dropwizard/metrics/metrics-json/4.1.1/metrics-json-4.1.1.jar:/Users/aidenseo/.m2/repository/io/dropwizard/metrics/metrics-graphite/4.1.1/metrics-graphite-4.1.1.jar:/Users/aidenseo/.m2/repository/io/dropwizard/metrics/metrics-jmx/4.1.1/metrics-jmx-4.1.1.jar:/Users/aidenseo/.m2/repository/com/fasterxml/jackson/core/jackson-databind/2.10.0/jackson-databind-2.10.0.jar:/Users/aidenseo/.m2/repository/com/fasterxml/jackson/module/jackson-module-scala_2.12/2.10.0/jackson-module-scala_2.12-2.10.0.jar:/Users/aidenseo/.m2/repository/com/fasterxml/jackson/module/jackson-module-paranamer/2.10.0/jackson-module-paranamer-2.10.0.jar:/Users/aidenseo/.m2/repository/org/apache/ivy/ivy/2.4.0/ivy-2.4.0.jar:/Users/aidenseo/.m2/repository/oro/oro/2.0.8/oro-2.0.8.jar:/Users/aidenseo/.m2/repository/net/razorvine/pyrolite/4.30/pyrolite-4.30.jar:/Users/aidenseo/.m2/repository/net/sf/py4j/py4j/0.10.9/py4j-0.10.9.jar:/Users/aidenseo/.m2/repository/org/apache/spark/spark-tags_2.12/3.1.1/spark-tags_2.12-3.1.1.jar:/Users/aidenseo/.m2/repository/org/apache/commons/commons-crypto/1.1.0/commons-crypto-1.1.0.jar:/Users/aidenseo/.m2/repository/org/spark-project/spark/unused/1.0.0/unused-1.0.0.jar:/Users/aidenseo/.m2/repository/org/apache/spark/spark-sql_2.12/3.1.1/spark-sql_2.12-3.1.1.jar:/Users/aidenseo/.m2/repository/com/univocity/univocity-parsers/2.9.1/univocity-parsers-2.9.1.jar:/Users/aidenseo/.m2/repository/org/apache/spark/spark-sketch_2.12/3.1.1/spark-sketch_2.12-3.1.1.jar:/Users/aidenseo/.m2/repository/org/apache/spark/spark-catalyst_2.12/3.1.1/spark-catalyst_2.12-3.1.1.jar:/Users/aidenseo/.m2/repository/org/scala-lang/modules/scala-parser-combinators_2.12/1.1.2/scala-parser-combinators_2.12-1.1.2.jar:/Users/aidenseo/.m2/repository/org/codehaus/janino/janino/3.0.16/janino-3.0.16.jar:/Users/aidenseo/.m2/repository/org/codehaus/janino/commons-compiler/3.0.16/commons-compiler-3.0.16.jar:/Users/aidenseo/.m2/repository/org/antlr/antlr4-runtime/4.8-1/antlr4-runtime-4.8-1.jar:/Users/aidenseo/.m2/repository/org/apache/arrow/arrow-vector/2.0.0/arrow-vector-2.0.0.jar:/Users/aidenseo/.m2/repository/org/apache/arrow/arrow-format/2.0.0/arrow-format-2.0.0.jar:/Users/aidenseo/.m2/repository/org/apache/arrow/arrow-memory-core/2.0.0/arrow-memory-core-2.0.0.jar:/Users/aidenseo/.m2/repository/com/google/flatbuffers/flatbuffers-java/1.9.0/flatbuffers-java-1.9.0.jar:/Users/aidenseo/.m2/repository/org/apache/arrow/arrow-memory-netty/2.0.0/arrow-memory-netty-2.0.0.jar:/Users/aidenseo/.m2/repository/org/apache/orc/orc-core/1.5.12/orc-core-1.5.12.jar:/Users/aidenseo/.m2/repository/org/apache/orc/orc-shims/1.5.12/orc-shims-1.5.12.jar:/Users/aidenseo/.m2/repository/com/google/protobuf/protobuf-java/2.5.0/protobuf-java-2.5.0.jar:/Users/aidenseo/.m2/repository/commons-lang/commons-lang/2.6/commons-lang-2.6.jar:/Users/aidenseo/.m2/repository/io/airlift/aircompressor/0.10/aircompressor-0.10.jar:/Users/aidenseo/.m2/repository/org/threeten/threeten-extra/1.5.0/threeten-extra-1.5.0.jar:/Users/aidenseo/.m2/repository/org/apache/orc/orc-mapreduce/1.5.12/orc-mapreduce-1.5.12.jar:/Users/aidenseo/.m2/repository/org/apache/hive/hive-storage-api/2.7.2/hive-storage-api-2.7.2.jar:/Users/aidenseo/.m2/repository/org/apache/parquet/parquet-column/1.10.1/parquet-column-1.10.1.jar:/Users/aidenseo/.m2/repository/org/apache/parquet/parquet-common/1.10.1/parquet-common-1.10.1.jar:/Users/aidenseo/.m2/repository/org/apache/parquet/parquet-encoding/1.10.1/parquet-encoding-1.10.1.jar:/Users/aidenseo/.m2/repository/org/apache/parquet/parquet-hadoop/1.10.1/parquet-hadoop-1.10.1.jar:/Users/aidenseo/.m2/repository/org/apache/parquet/parquet-format/2.4.0/parquet-format-2.4.0.jar:/Users/aidenseo/.m2/repository/org/apache/parquet/parquet-jackson/1.10.1/parquet-jackson-1.10.1.jar:"/>
    <property name="sun.cpu.endian" value="little"/>
    <property name="user.home" value="/Users/aidenseo"/>
    <property name="user.language" value="ko"/>
    <property name="java.specification.vendor" value="Oracle Corporation"/>
    <property name="java.version.date" value="2022-08-12"/>
    <property name="java.home" value="/Users/aidenseo/Library/Java/JavaVirtualMachines/corretto-11.0.16.1/Contents/Home"/>
    <property name="file.separator" value="/"/>
    <property name="basedir" value="/Users/aidenseo/IdeaProjects/your-app-name"/>
    <property name="java.vm.compressedOopsMode" value="Zero based"/>
    <property name="line.separator" value="&#10;"/>
    <property name="java.specification.name" value="Java Platform API Specification"/>
    <property name="java.vm.specification.vendor" value="Oracle Corporation"/>
    <property name="java.awt.graphicsenv" value="sun.awt.CGraphicsEnvironment"/>
    <property name="surefire.real.class.path" value="/Users/aidenseo/IdeaProjects/your-app-name/target/surefire/surefirebooter-20240120160733196_3.jar"/>
    <property name="sun.management.compiler" value="HotSpot 64-Bit Tiered Compilers"/>
    <property name="ftp.nonProxyHosts" value="local|*.local|169.254/16|*.169.254/16"/>
    <property name="java.runtime.version" value="11.0.16.1+9-LTS"/>
    <property name="user.name" value="aidenseo"/>
    <property name="path.separator" value=":"/>
    <property name="os.version" value="14.2.1"/>
    <property name="java.runtime.name" value="OpenJDK Runtime Environment"/>
    <property name="file.encoding" value="UTF-8"/>
    <property name="java.vm.name" value="OpenJDK 64-Bit Server VM"/>
    <property name="java.vendor.version" value="Corretto-11.0.16.9.1"/>
    <property name="localRepository" value="/Users/aidenseo/.m2/repository"/>
    <property name="java.vendor.url.bug" value="https://github.com/corretto/corretto-11/issues/"/>
    <property name="java.io.tmpdir" value="/var/folders/gk/l3tmhhvx4xq24pg4qst_yfg00000gn/T/"/>
    <property name="java.version" value="11.0.16.1"/>
    <property name="user.dir" value="/Users/aidenseo/IdeaProjects/your-app-name"/>
    <property name="os.arch" value="x86_64"/>
    <property name="java.vm.specification.name" value="Java Virtual Machine Specification"/>
    <property name="java.awt.printerjob" value="sun.lwawt.macosx.CPrinterJob"/>
    <property name="sun.os.patch.level" value="unknown"/>
    <property name="java.library.path" value="/Users/aidenseo/Library/Java/Extensions:/Library/Java/Extensions:/Network/Library/Java/Extensions:/System/Library/Java/Extensions:/usr/lib/java:."/>
    <property name="java.vm.info" value="mixed mode"/>
    <property name="java.vendor" value="Amazon.com Inc."/>
    <property name="java.vm.version" value="11.0.16.1+9-LTS"/>
    <property name="sun.io.unicode.encoding" value="UnicodeBig"/>
    <property name="java.class.version" value="55.0"/>
    <property name="socksNonProxyHosts" value="local|*.local|169.254/16|*.169.254/16"/>
  </properties>
  <testcase name="testApp" classname="com.yourcompany.app.AppTest" time="0.02"/>
</testsuite>